\BOOKMARK [0][]{chapter.1}{第1章 序論}{}
\BOOKMARK [1][]{section.1.1}{1.1 ユーザが発信する情報とその利用}{chapter.1}
\BOOKMARK [1][]{section.1.2}{1.2 本研究の目的}{chapter.1}
\BOOKMARK [1][]{section.1.3}{1.3 本論文の構成}{chapter.1}
\BOOKMARK [0][]{chapter.2}{第2章 背景}{}
\BOOKMARK [1][]{section.2.1}{2.1 電車}{chapter.2}
\BOOKMARK [2][]{subsection.2.1.1}{2.1.1 電車の問題点}{section.2.1}
\BOOKMARK [2][]{subsection.2.1.2}{2.1.2 鉄道会社の遅延に対する対応}{section.2.1}
\BOOKMARK [1][]{section.2.2}{2.2 SNS}{chapter.2}
\BOOKMARK [2][]{subsection.2.2.1}{2.2.1 ソーシャルセンサとしてのSNS}{section.2.2}
\BOOKMARK [1][]{section.2.3}{2.3 ビッグデータ}{chapter.2}
\BOOKMARK [2][]{subsection.2.3.1}{2.3.1 ビッグデータの特徴}{section.2.3}
\BOOKMARK [2][]{subsection.2.3.2}{2.3.2 ビッグデータを支える技術}{section.2.3}
\BOOKMARK [1][]{section.2.4}{2.4 ビッグデータの活用}{chapter.2}
\BOOKMARK [1][]{section.2.5}{2.5 本論文の着眼点}{chapter.2}
\BOOKMARK [1][]{section.2.6}{2.6 まとめ}{chapter.2}
\BOOKMARK [0][]{chapter.3}{第3章 関連研究}{}
\BOOKMARK [1][]{section.3.1}{3.1 ソーシャルネットワークを利用した情報収集}{chapter.3}
\BOOKMARK [1][]{section.3.2}{3.2 Web上での情報収集}{chapter.3}
\BOOKMARK [1][]{section.3.3}{3.3 ベイズ統計を用いたユーザ嗜好の分析}{chapter.3}
\BOOKMARK [1][]{section.3.4}{3.4 ブラウザ情報を利用した個人識別}{chapter.3}
\BOOKMARK [1][]{section.3.5}{3.5 情報統合に対する対策の検討}{chapter.3}
\BOOKMARK [1][]{section.3.6}{3.6 まとめ}{chapter.3}
\BOOKMARK [0][]{chapter.4}{第4章 デジタル情報を用いたユーザ特定手法}{}
\BOOKMARK [1][]{section.4.1}{4.1 ネットワーク管理者と取得情報}{chapter.4}
\BOOKMARK [2][]{subsection.4.1.1}{4.1.1 前提}{section.4.1}
\BOOKMARK [2][]{subsection.4.1.2}{4.1.2 パケットのヘッダ情報}{section.4.1}
\BOOKMARK [2][]{subsection.4.1.3}{4.1.3 ホスト識別による調査}{section.4.1}
\BOOKMARK [1][]{section.4.2}{4.2 同一セグメント上のユーザと取得情報}{chapter.4}
\BOOKMARK [2][]{subsection.4.2.1}{4.2.1 前提}{section.4.2}
\BOOKMARK [2][]{subsection.4.2.2}{4.2.2 共有ホスト名}{section.4.2}
\BOOKMARK [1][]{section.4.3}{4.3 第三者であるユーザと取得情報}{chapter.4}
\BOOKMARK [2][]{subsection.4.3.1}{4.3.1 前提}{section.4.3}
\BOOKMARK [2][]{subsection.4.3.2}{4.3.2 Bluetooth}{section.4.3}
\BOOKMARK [1][]{section.4.4}{4.4 検証情報統合によるリスク}{chapter.4}
\BOOKMARK [1][]{section.4.5}{4.5 まとめ}{chapter.4}
\BOOKMARK [0][]{chapter.5}{第5章 検証}{}
\BOOKMARK [1][]{section.5.1}{5.1 パケットのヘッダ情報}{chapter.5}
\BOOKMARK [2][]{subsection.5.1.1}{5.1.1 検証手法}{section.5.1}
\BOOKMARK [2][]{subsection.5.1.2}{5.1.2 ホスト識別システム}{section.5.1}
\BOOKMARK [2][]{subsection.5.1.3}{5.1.3 設計概要}{section.5.1}
\BOOKMARK [2][]{subsection.5.1.4}{5.1.4 ホスト識別に用いる情報}{section.5.1}
\BOOKMARK [2][]{subsection.5.1.5}{5.1.5 検証環境}{section.5.1}
\BOOKMARK [2][]{subsection.5.1.6}{5.1.6 検証結果}{section.5.1}
\BOOKMARK [2][]{subsection.5.1.7}{5.1.7 考察}{section.5.1}
\BOOKMARK [1][]{section.5.2}{5.2 共有ホスト名}{chapter.5}
\BOOKMARK [2][]{subsection.5.2.1}{5.2.1 検証手法}{section.5.2}
\BOOKMARK [2][]{subsection.5.2.2}{5.2.2 設計概要}{section.5.2}
\BOOKMARK [2][]{subsection.5.2.3}{5.2.3 検証環境}{section.5.2}
\BOOKMARK [2][]{subsection.5.2.4}{5.2.4 検証結果}{section.5.2}
\BOOKMARK [2][]{subsection.5.2.5}{5.2.5 考察}{section.5.2}
\BOOKMARK [1][]{section.5.3}{5.3 Bluetoothデバイス名}{chapter.5}
\BOOKMARK [2][]{subsection.5.3.1}{5.3.1 検証手法}{section.5.3}
\BOOKMARK [2][]{subsection.5.3.2}{5.3.2 設計概要}{section.5.3}
\BOOKMARK [2][]{subsection.5.3.3}{5.3.3 検証環境}{section.5.3}
\BOOKMARK [2][]{subsection.5.3.4}{5.3.4 検証結果}{section.5.3}
\BOOKMARK [2][]{subsection.5.3.5}{5.3.5 考察}{section.5.3}
\BOOKMARK [1][]{section.5.4}{5.4 検証した情報の統合}{chapter.5}
\BOOKMARK [1][]{section.5.5}{5.5 まとめ}{chapter.5}
\BOOKMARK [0][]{chapter.6}{第6章 ガイドラインの提案}{}
\BOOKMARK [1][]{section.6.1}{6.1 一般ユーザのガイドライン}{chapter.6}
\BOOKMARK [1][]{section.6.2}{6.2 開発者，管理者のガイドライン}{chapter.6}
\BOOKMARK [1][]{section.6.3}{6.3 ガイドラインの充足度の検討}{chapter.6}
\BOOKMARK [1][]{section.6.4}{6.4 まとめ}{chapter.6}
\BOOKMARK [0][]{chapter.7}{第7章 結論}{}
\BOOKMARK [1][]{section.7.1}{7.1 まとめ}{chapter.7}
\BOOKMARK [1][]{section.7.2}{7.2 今後の展望}{chapter.7}
\BOOKMARK [0][]{chapter*.8}{謝辞}{}
